processing for organ started.
Loading database index...
Loading index meta...
Loading semantic codebook
processing for brain started.
Loading database index...
Loading index meta...
Loading semantic codebook
processing for breast started.
Loading database index...
Loading index meta...
Loading semantic codebook
processing for lung started.
Loading database index...
Loading index meta...
Loading semantic codebook
processing for colon started.
Loading database index...
Loading index meta...
Loading semantic codebook
processing for liver started.
Loading database index...
Loading index meta...
Loading semantic codebook
Jobs done successfully!
