without hash encoder:
5 0 0 0.7923 {'GBM': 0.7705, 'LGG': 0.8116}
5 2 1 0.8 {'GBM': 0.7869, 'LGG': 0.8116}
20 0 0 0.8154 {'GBM': 0.7869, 'LGG': 0.8406}
20 0.5 0 0.8231 {'GBM': 0.8197, 'LGG': 0.8261}
25 0 2 0.8308 {'GBM': 0.8361, 'LGG': 0.8261}
25 1000 1000 0.8385 {'GBM': 0.8361, 'LGG': 0.8406}

['GBM', 'LGG']
51 10 
11 58 
25 1000 1000 0.8332 {'GBM': 0.8158, 'LGG': 0.8485}
brain 0.8385 {'GBM': 0.8361, 'LGG': 0.8406}
5 0 0 1.0 {'BRCA': 1.0}

['BRCA']
70 
5 0 0 1.0 {'BRCA': 1.0}
breast 1.0 {'BRCA': 1.0}
5 0 0 1.0 {'COAD': 1.0}

['COAD']
59 
5 0 0 1.0 {'COAD': 1.0}
colon 1.0 {'COAD': 1.0}
5 0 0 0.7929 {'CHOL': 0.7347, 'LIHC': 0.8333}
5 0 0.5 0.8014 {'CHOL': 0.7755, 'LIHC': 0.8194}
5 0 1000 0.818 {'CHOL': 0.7959, 'LIHC': 0.8333}
10 0 0 0.8429 {'CHOL': 0.8367, 'LIHC': 0.8472}
20 2 0 0.8431 {'CHOL': 0.8571, 'LIHC': 0.8333}

['CHOL', 'LIHC']
42 7 
12 60 
20 2 0 0.8322 {'CHOL': 0.8566, 'LIHC': 0.8152}
liver 0.8431 {'CHOL': 0.8571, 'LIHC': 0.8333}
5 0 0 0.696 {'LUAD': 0.7727, 'LUSC': 0.6071}
10 0 0 0.6967 {'LUAD': 0.697, 'LUSC': 0.6964}
10 0 1000 0.7045 {'LUAD': 0.7424, 'LUSC': 0.6607}
15 0 0 0.7051 {'LUAD': 0.6818, 'LUSC': 0.7321}
20 0.5 0 0.7053 {'LUAD': 0.6667, 'LUSC': 0.75}
20 1000 0 0.7128 {'LUAD': 0.7424, 'LUSC': 0.6786}
25 0 0 0.7134 {'LUAD': 0.6818, 'LUSC': 0.75}
30 2 0 0.7211 {'LUAD': 0.7424, 'LUSC': 0.6964}
30 1000 0 0.7291 {'LUAD': 0.7727, 'LUSC': 0.6786}

['LUAD', 'LUSC']
51 15 
18 38 
30 1000 0 0.7716 {'LUAD': 0.8186, 'LUSC': 0.7171}
lung 0.7291 {'LUAD': 0.7727, 'LUSC': 0.6786}
***** epoch:  0 *****
loss:  1.6553799249231815
5 0 0 0.7538 {'GBM': 0.7377, 'LGG': 0.7681}
5 0 0.5 0.7692 {'GBM': 0.7541, 'LGG': 0.7826}
5 0 2 0.7769 {'GBM': 0.7541, 'LGG': 0.7971}
10 0 0 0.8077 {'GBM': 0.7869, 'LGG': 0.8261}
20 1 1 0.8154 {'GBM': 0.8033, 'LGG': 0.8261}
20 1000 0 0.8308 {'GBM': 0.8033, 'LGG': 0.8551}

['GBM', 'LGG']
49 12 
10 59 
20 1000 0 0.8415 {'GBM': 0.8337, 'LGG': 0.8484}
brain 0.8308 {'GBM': 0.8033, 'LGG': 0.8551}
5 0 0 1.0 {'BRCA': 1.0}

['BRCA']
70 
5 0 0 1.0 {'BRCA': 1.0}
breast 1.0 {'BRCA': 1.0}
5 0 0 1.0 {'COAD': 1.0}

['COAD']
59 
5 0 0 1.0 {'COAD': 1.0}
colon 1.0 {'COAD': 1.0}
5 0 0 0.8183 {'CHOL': 0.8367, 'LIHC': 0.8056}
5 0 0.5 0.8347 {'CHOL': 0.8367, 'LIHC': 0.8333}
10 0 1 0.8349 {'CHOL': 0.8571, 'LIHC': 0.8194}
10 0 1000 0.8431 {'CHOL': 0.8571, 'LIHC': 0.8333}

['CHOL', 'LIHC']
42 7 
12 60 
10 0 1000 0.8222 {'CHOL': 0.8229, 'LIHC': 0.8217}
liver 0.8431 {'CHOL': 0.8571, 'LIHC': 0.8333}
5 0 0 0.6471 {'LUAD': 0.697, 'LUSC': 0.5893}
5 0 0.5 0.6472 {'LUAD': 0.6818, 'LUSC': 0.6071}
5 0.5 0 0.6553 {'LUAD': 0.697, 'LUSC': 0.6071}
10 0 0 0.6802 {'LUAD': 0.697, 'LUSC': 0.6607}
15 0 0 0.7134 {'LUAD': 0.6818, 'LUSC': 0.75}

['LUAD', 'LUSC']
45 21 
14 42 
15 0 0 0.7608 {'LUAD': 0.7773, 'LUSC': 0.7418}
lung 0.7134 {'LUAD': 0.6818, 'LUSC': 0.75}
***** epoch:  1 *****
loss:  3.3367575804392495
***** epoch:  2 *****
loss:  3.7206226189931235
***** epoch:  3 *****
loss:  3.8440422217051187
***** epoch:  4 *****
loss:  3.838562488555908
***** epoch:  5 *****
loss:  3.75049090385437
***** epoch:  6 *****
loss:  3.6580756505330405
***** epoch:  7 *****
loss:  3.8673861026763916
***** epoch:  8 *****
loss:  3.972491184870402
***** epoch:  9 *****
loss:  3.931838353474935
***** epoch:  10 *****
loss:  4.020853678385417
5 0 0 0.8154 {'GBM': 0.8197, 'LGG': 0.8116}
10 0 0 0.8231 {'GBM': 0.8361, 'LGG': 0.8116}
10 1000 1000 0.8308 {'GBM': 0.8197, 'LGG': 0.8406}

['GBM', 'LGG']
50 11 
11 58 
10 1000 1000 0.8456 {'GBM': 0.8277, 'LGG': 0.8614}
brain 0.8308 {'GBM': 0.8197, 'LGG': 0.8406}
5 0 0 1.0 {'BRCA': 1.0}

['BRCA']
70 
5 0 0 1.0 {'BRCA': 1.0}
breast 1.0 {'BRCA': 1.0}
5 0 0 1.0 {'COAD': 1.0}

['COAD']
59 
5 0 0 1.0 {'COAD': 1.0}
colon 1.0 {'COAD': 1.0}
5 0 0 0.7851 {'CHOL': 0.7755, 'LIHC': 0.7917}
5 1 2 0.7852 {'CHOL': 0.7959, 'LIHC': 0.7778}
10 0 0 0.8265 {'CHOL': 0.8367, 'LIHC': 0.8194}
10 0.5 0 0.8267 {'CHOL': 0.8571, 'LIHC': 0.8056}
10 0.5 1 0.8349 {'CHOL': 0.8571, 'LIHC': 0.8194}
15 0 0 0.8427 {'CHOL': 0.8163, 'LIHC': 0.8611}
15 0 0.5 0.8429 {'CHOL': 0.8367, 'LIHC': 0.8472}
20 0 0 0.8511 {'CHOL': 0.8367, 'LIHC': 0.8611}
25 0 0 0.8675 {'CHOL': 0.8367, 'LIHC': 0.8889}

['CHOL', 'LIHC']
41 8 
8 64 
25 0 0 0.8342 {'CHOL': 0.845, 'LIHC': 0.8267}
liver 0.8675 {'CHOL': 0.8367, 'LIHC': 0.8889}
5 0 0 0.6063 {'LUAD': 0.6364, 'LUSC': 0.5714}
5 0 1000 0.6143 {'LUAD': 0.6667, 'LUSC': 0.5536}
10 0 0 0.6144 {'LUAD': 0.6515, 'LUSC': 0.5714}
10 0 1000 0.6309 {'LUAD': 0.6515, 'LUSC': 0.6071}
20 0 0 0.6311 {'LUAD': 0.6364, 'LUSC': 0.625}
20 0.5 0 0.6391 {'LUAD': 0.6667, 'LUSC': 0.6071}
20 1000 0 0.6474 {'LUAD': 0.6667, 'LUSC': 0.625}
25 0 0 0.6641 {'LUAD': 0.6515, 'LUSC': 0.6786}
25 0.5 0 0.672 {'LUAD': 0.6818, 'LUSC': 0.6607}
25 1 0 0.6803 {'LUAD': 0.6818, 'LUSC': 0.6786}
30 1 0.5 0.6885 {'LUAD': 0.697, 'LUSC': 0.6786}

['LUAD', 'LUSC']
46 20 
18 38 
30 1 0.5 0.7706 {'LUAD': 0.7965, 'LUSC': 0.7406}
lung 0.6885 {'LUAD': 0.697, 'LUSC': 0.6786}
***** epoch:  11 *****
loss:  4.136236826578776
***** epoch:  12 *****
loss:  4.171590805053711
***** epoch:  13 *****
loss:  4.199668884277344
***** epoch:  14 *****
loss:  4.243603547414144
***** epoch:  15 *****
loss:  4.312443097432454
***** epoch:  16 *****
loss:  4.319985548655192
***** epoch:  17 *****
loss:  4.364266713460286
***** epoch:  18 *****
loss:  4.3456980387369795
***** epoch:  19 *****
loss:  4.426726659138997
***** epoch:  20 *****
loss:  4.442068417867024
5 0 0 0.7769 {'GBM': 0.7869, 'LGG': 0.7681}
10 0 0 0.8077 {'GBM': 0.8033, 'LGG': 0.8116}
10 0.5 0 0.8154 {'GBM': 0.8033, 'LGG': 0.8261}

['GBM', 'LGG']
49 12 
12 57 
10 0.5 0 0.8401 {'GBM': 0.8246, 'LGG': 0.8538}
brain 0.8154 {'GBM': 0.8033, 'LGG': 0.8261}
5 0 0 1.0 {'BRCA': 1.0}

['BRCA']
70 
5 0 0 1.0 {'BRCA': 1.0}
breast 1.0 {'BRCA': 1.0}
5 0 0 1.0 {'COAD': 1.0}

['COAD']
59 
5 0 0 1.0 {'COAD': 1.0}
colon 1.0 {'COAD': 1.0}
5 0 0 0.7849 {'CHOL': 0.7551, 'LIHC': 0.8056}
5 0 1000 0.793 {'CHOL': 0.7551, 'LIHC': 0.8194}
5 2 0 0.8096 {'CHOL': 0.7755, 'LIHC': 0.8333}
5 2 0.5 0.818 {'CHOL': 0.7959, 'LIHC': 0.8333}
15 0 1 0.8263 {'CHOL': 0.8163, 'LIHC': 0.8333}
15 2 0 0.8265 {'CHOL': 0.8367, 'LIHC': 0.8194}
20 0 0 0.8675 {'CHOL': 0.8367, 'LIHC': 0.8889}

['CHOL', 'LIHC']
41 8 
8 64 
20 0 0 0.8333 {'CHOL': 0.8338, 'LIHC': 0.8329}
liver 0.8675 {'CHOL': 0.8367, 'LIHC': 0.8889}
5 0 0 0.6146 {'LUAD': 0.6364, 'LUSC': 0.5893}
5 0.5 0 0.6147 {'LUAD': 0.6212, 'LUSC': 0.6071}
5 1 0.5 0.6227 {'LUAD': 0.6515, 'LUSC': 0.5893}
10 0 0 0.6308 {'LUAD': 0.6667, 'LUSC': 0.5893}
15 0 0 0.6557 {'LUAD': 0.6667, 'LUSC': 0.6429}
20 0 0 0.6638 {'LUAD': 0.6818, 'LUSC': 0.6429}
25 0 0 0.6805 {'LUAD': 0.6667, 'LUSC': 0.6964}
25 0 2 0.6886 {'LUAD': 0.6818, 'LUSC': 0.6964}
30 0 1 0.6888 {'LUAD': 0.6667, 'LUSC': 0.7143}
30 0 1000 0.6967 {'LUAD': 0.697, 'LUSC': 0.6964}
30 0.5 0.5 0.7051 {'LUAD': 0.6818, 'LUSC': 0.7321}
30 1 0.5 0.7133 {'LUAD': 0.697, 'LUSC': 0.7321}

['LUAD', 'LUSC']
46 20 
15 41 
30 1 0.5 0.7774 {'LUAD': 0.7929, 'LUSC': 0.7594}
lung 0.7133 {'LUAD': 0.697, 'LUSC': 0.7321}
***** epoch:  21 *****
loss:  4.4862855275472
***** epoch:  22 *****
loss:  4.551432927449544
***** epoch:  23 *****
loss:  4.555306434631348
***** epoch:  24 *****
loss:  4.613448143005371
***** epoch:  25 *****
loss:  4.59334929784139
***** epoch:  26 *****
loss:  4.626430670420329
***** epoch:  27 *****
loss:  4.6899027824401855
***** epoch:  28 *****
loss:  4.66299311319987
***** epoch:  29 *****
loss:  4.706277370452881
***** epoch:  30 *****
loss:  4.700837930043538
5 0 0 0.8077 {'GBM': 0.8197, 'LGG': 0.7971}
5 0 2 0.8154 {'GBM': 0.8197, 'LGG': 0.8116}
15 0.5 0 0.8231 {'GBM': 0.8033, 'LGG': 0.8406}

['GBM', 'LGG']
49 12 
11 58 
15 0.5 0 0.8457 {'GBM': 0.8346, 'LGG': 0.8555}
brain 0.8231 {'GBM': 0.8033, 'LGG': 0.8406}
5 0 0 1.0 {'BRCA': 1.0}

['BRCA']
70 
5 0 0 1.0 {'BRCA': 1.0}
breast 1.0 {'BRCA': 1.0}
5 0 0 1.0 {'COAD': 1.0}

['COAD']
59 
5 0 0 1.0 {'COAD': 1.0}
colon 1.0 {'COAD': 1.0}
5 0 0 0.8347 {'CHOL': 0.8367, 'LIHC': 0.8333}
15 0 2 0.8349 {'CHOL': 0.8571, 'LIHC': 0.8194}
15 1000 0 0.8429 {'CHOL': 0.8367, 'LIHC': 0.8472}
20 0.5 0 0.8508 {'CHOL': 0.7959, 'LIHC': 0.8889}
20 1000 0 0.8509 {'CHOL': 0.8163, 'LIHC': 0.875}
25 2 0 0.8591 {'CHOL': 0.8163, 'LIHC': 0.8889}
25 1000 0 0.8593 {'CHOL': 0.8367, 'LIHC': 0.875}

['CHOL', 'LIHC']
41 8 
9 63 
25 1000 0 0.8338 {'CHOL': 0.8509, 'LIHC': 0.822}
liver 0.8593 {'CHOL': 0.8367, 'LIHC': 0.875}
5 0 0 0.598 {'LUAD': 0.6364, 'LUSC': 0.5536}
5 0 1 0.6144 {'LUAD': 0.6515, 'LUSC': 0.5714}
15 0 0 0.6227 {'LUAD': 0.6515, 'LUSC': 0.5893}
15 0.5 0.5 0.6228 {'LUAD': 0.6364, 'LUSC': 0.6071}
15 1 0.5 0.6309 {'LUAD': 0.6515, 'LUSC': 0.6071}
15 2 0 0.6474 {'LUAD': 0.6667, 'LUSC': 0.625}
20 0 0.5 0.6475 {'LUAD': 0.6515, 'LUSC': 0.6429}
20 0 1000 0.6638 {'LUAD': 0.6818, 'LUSC': 0.6429}
25 0 0 0.6967 {'LUAD': 0.697, 'LUSC': 0.6964}
30 0 0 0.7048 {'LUAD': 0.7121, 'LUSC': 0.6964}

['LUAD', 'LUSC']
47 19 
17 39 
30 0 0 0.7779 {'LUAD': 0.7876, 'LUSC': 0.7667}
lung 0.7048 {'LUAD': 0.7121, 'LUSC': 0.6964}
***** epoch:  31 *****
loss:  4.74250062306722
***** epoch:  32 *****
loss:  4.755538622538249
***** epoch:  33 *****
loss:  4.784592946370442
***** epoch:  34 *****
loss:  4.807747522989909
***** epoch:  35 *****
loss:  4.801021575927734
***** epoch:  36 *****
loss:  4.834791660308838
***** epoch:  37 *****
loss:  4.837202707926433
***** epoch:  38 *****
loss:  4.845365842183431
***** epoch:  39 *****
loss:  4.878588835398356
***** epoch:  40 *****
loss:  4.884740670522054
5 0 0 0.7769 {'GBM': 0.7869, 'LGG': 0.7681}
5 0.5 0 0.7923 {'GBM': 0.8033, 'LGG': 0.7826}
10 0 0 0.8 {'GBM': 0.8033, 'LGG': 0.7971}
15 0 0.5 0.8077 {'GBM': 0.8033, 'LGG': 0.8116}
15 0.5 0.5 0.8154 {'GBM': 0.8033, 'LGG': 0.8261}
20 0 2 0.8231 {'GBM': 0.8033, 'LGG': 0.8406}

['GBM', 'LGG']
49 12 
11 58 
20 0 2 0.847 {'GBM': 0.8359, 'LGG': 0.8569}
brain 0.8231 {'GBM': 0.8033, 'LGG': 0.8406}
5 0 0 1.0 {'BRCA': 1.0}

['BRCA']
70 
5 0 0 1.0 {'BRCA': 1.0}
breast 1.0 {'BRCA': 1.0}
5 0 0 1.0 {'COAD': 1.0}

['COAD']
59 
5 0 0 1.0 {'COAD': 1.0}
colon 1.0 {'COAD': 1.0}
5 0 0 0.8344 {'CHOL': 0.7959, 'LIHC': 0.8611}
5 0 0.5 0.8427 {'CHOL': 0.8163, 'LIHC': 0.8611}

['CHOL', 'LIHC']
40 9 
10 62 
5 0 0.5 0.8177 {'CHOL': 0.8185, 'LIHC': 0.8172}
liver 0.8427 {'CHOL': 0.8163, 'LIHC': 0.8611}
5 0 0 0.5978 {'LUAD': 0.6515, 'LUSC': 0.5357}
5 0 0.5 0.6141 {'LUAD': 0.6818, 'LUSC': 0.5357}
10 0 0 0.6144 {'LUAD': 0.6515, 'LUSC': 0.5714}
15 0 0 0.6308 {'LUAD': 0.6667, 'LUSC': 0.5893}
15 1000 0 0.6391 {'LUAD': 0.6667, 'LUSC': 0.6071}
20 0 0 0.6557 {'LUAD': 0.6667, 'LUSC': 0.6429}
20 1000 0 0.6638 {'LUAD': 0.6818, 'LUSC': 0.6429}
25 0 0 0.6722 {'LUAD': 0.6667, 'LUSC': 0.6786}
25 0.5 0 0.6805 {'LUAD': 0.6667, 'LUSC': 0.6964}
25 1000 1000 0.6886 {'LUAD': 0.6818, 'LUSC': 0.6964}

['LUAD', 'LUSC']
45 21 
17 39 
25 1000 1000 0.7891 {'LUAD': 0.7942, 'LUSC': 0.7831}
lung 0.6886 {'LUAD': 0.6818, 'LUSC': 0.6964}
***** epoch:  41 *****
loss:  4.91771936416626
***** epoch:  42 *****
loss:  4.917432943979899
***** epoch:  43 *****
loss:  4.928066571553548
***** epoch:  44 *****
loss:  4.957297484079997
***** epoch:  45 *****
loss:  4.947010517120361
***** epoch:  46 *****
loss:  4.966779390970866
***** epoch:  47 *****
loss:  4.992813428243001
***** epoch:  48 *****
loss:  4.971507867177327
***** epoch:  49 *****
loss:  5.022251447041829
***** epoch:  50 *****
loss:  4.989772955576579
5 0 0 0.7692 {'GBM': 0.7705, 'LGG': 0.7681}
5 0 1 0.7769 {'GBM': 0.7869, 'LGG': 0.7681}
5 1 2 0.7846 {'GBM': 0.8033, 'LGG': 0.7681}
10 0 0 0.7923 {'GBM': 0.7869, 'LGG': 0.7971}
15 0.5 0 0.8 {'GBM': 0.7869, 'LGG': 0.8116}
25 0 0.5 0.8077 {'GBM': 0.7869, 'LGG': 0.8261}
30 0 1 0.8154 {'GBM': 0.7869, 'LGG': 0.8406}

['GBM', 'LGG']
48 13 
11 58 
30 0 1 0.8409 {'GBM': 0.8279, 'LGG': 0.8523}
brain 0.8154 {'GBM': 0.7869, 'LGG': 0.8406}
5 0 0 1.0 {'BRCA': 1.0}

['BRCA']
70 
5 0 0 1.0 {'BRCA': 1.0}
breast 1.0 {'BRCA': 1.0}
5 0 0 1.0 {'COAD': 1.0}

['COAD']
59 
5 0 0 1.0 {'COAD': 1.0}
colon 1.0 {'COAD': 1.0}
5 0 0 0.7933 {'CHOL': 0.7755, 'LIHC': 0.8056}
5 0 0.5 0.8016 {'CHOL': 0.7959, 'LIHC': 0.8056}
5 0.5 0 0.81 {'CHOL': 0.8163, 'LIHC': 0.8056}
10 0 1 0.8178 {'CHOL': 0.7755, 'LIHC': 0.8472}
10 0 2 0.818 {'CHOL': 0.7959, 'LIHC': 0.8333}
15 0 0.5 0.8263 {'CHOL': 0.8163, 'LIHC': 0.8333}
15 0.5 0.5 0.8347 {'CHOL': 0.8367, 'LIHC': 0.8333}

['CHOL', 'LIHC']
41 8 
12 60 
15 0.5 0.5 0.8333 {'CHOL': 0.8338, 'LIHC': 0.833}
liver 0.8347 {'CHOL': 0.8367, 'LIHC': 0.8333}
5 0 0 0.6308 {'LUAD': 0.6667, 'LUSC': 0.5893}
10 0 0 0.6309 {'LUAD': 0.6515, 'LUSC': 0.6071}
15 0 0 0.6636 {'LUAD': 0.697, 'LUSC': 0.625}
20 0 0.5 0.6638 {'LUAD': 0.6818, 'LUSC': 0.6429}
25 0 0 0.6722 {'LUAD': 0.6667, 'LUSC': 0.6786}
25 0 1 0.6803 {'LUAD': 0.6818, 'LUSC': 0.6786}
30 0 0 0.6886 {'LUAD': 0.6818, 'LUSC': 0.6964}

['LUAD', 'LUSC']
45 21 
17 39 
30 0 0 0.7856 {'LUAD': 0.7967, 'LUSC': 0.7728}
lung 0.6886 {'LUAD': 0.6818, 'LUSC': 0.6964}
***** epoch:  51 *****
loss:  5.000278790791829
***** epoch:  52 *****
loss:  5.0390699704488116
***** epoch:  53 *****
loss:  5.043000062306722
***** epoch:  54 *****
loss:  5.053584575653076
***** epoch:  55 *****
loss:  5.084583600362142
***** epoch:  56 *****
loss:  5.091546376546224
***** epoch:  57 *****
loss:  5.045939604441325
***** epoch:  58 *****
loss:  5.0848344167073565
***** epoch:  59 *****
loss:  5.063669045766194
***** epoch:  60 *****
loss:  5.048080762227376
5 0 0 0.7307 {'GBM': 0.7213, 'LGG': 0.7391}
5 0 1 0.7384 {'GBM': 0.7213, 'LGG': 0.7536}
5 0 2 0.7461 {'GBM': 0.7377, 'LGG': 0.7536}
10 0 0 0.7846 {'GBM': 0.7869, 'LGG': 0.7826}
10 0 1 0.7923 {'GBM': 0.8033, 'LGG': 0.7826}
10 0.5 0.5 0.8 {'GBM': 0.8033, 'LGG': 0.7971}
10 1 0 0.8077 {'GBM': 0.8033, 'LGG': 0.8116}
25 0 0.5 0.8154 {'GBM': 0.7869, 'LGG': 0.8406}

['GBM', 'LGG']
48 13 
11 58 
25 0 0.5 0.8389 {'GBM': 0.8179, 'LGG': 0.8575}
brain 0.8154 {'GBM': 0.7869, 'LGG': 0.8406}
5 0 0 1.0 {'BRCA': 1.0}

['BRCA']
70 
5 0 0 1.0 {'BRCA': 1.0}
breast 1.0 {'BRCA': 1.0}
5 0 0 1.0 {'COAD': 1.0}

['COAD']
59 
5 0 0 1.0 {'COAD': 1.0}
colon 1.0 {'COAD': 1.0}
5 0 0 0.7685 {'CHOL': 0.7551, 'LIHC': 0.7778}
5 0 0.5 0.7767 {'CHOL': 0.7551, 'LIHC': 0.7917}
5 0 2 0.7851 {'CHOL': 0.7755, 'LIHC': 0.7917}
5 0.5 0.5 0.7934 {'CHOL': 0.7959, 'LIHC': 0.7917}
10 0 0 0.8098 {'CHOL': 0.7959, 'LIHC': 0.8194}
10 0 1 0.8181 {'CHOL': 0.8163, 'LIHC': 0.8194}
10 0 1000 0.8263 {'CHOL': 0.8163, 'LIHC': 0.8333}
15 0 0 0.8345 {'CHOL': 0.8163, 'LIHC': 0.8472}
15 0.5 0 0.8427 {'CHOL': 0.8163, 'LIHC': 0.8611}
30 0 1000 0.8429 {'CHOL': 0.8367, 'LIHC': 0.8472}

['CHOL', 'LIHC']
41 8 
11 61 
30 0 1000 0.8269 {'CHOL': 0.8369, 'LIHC': 0.8199}
liver 0.8429 {'CHOL': 0.8367, 'LIHC': 0.8472}
5 0 0 0.606 {'LUAD': 0.6667, 'LUSC': 0.5357}
5 0 0.5 0.6141 {'LUAD': 0.6818, 'LUSC': 0.5357}
5 1000 0 0.6223 {'LUAD': 0.697, 'LUSC': 0.5357}
15 0 0 0.6636 {'LUAD': 0.697, 'LUSC': 0.625}
25 0 0 0.6722 {'LUAD': 0.6667, 'LUSC': 0.6786}
30 0 0.5 0.6803 {'LUAD': 0.6818, 'LUSC': 0.6786}

['LUAD', 'LUSC']
45 21 
18 38 
30 0 0.5 0.7912 {'LUAD': 0.7975, 'LUSC': 0.7839}
lung 0.6803 {'LUAD': 0.6818, 'LUSC': 0.6786}
***** epoch:  61 *****
loss:  5.101777235666911
***** epoch:  62 *****
loss:  5.075425148010254
***** epoch:  63 *****
loss:  5.10512113571167
***** epoch:  64 *****
loss:  5.113344510396321
***** epoch:  65 *****
loss:  5.130979220072429
***** epoch:  66 *****
loss:  5.141956647237142
***** epoch:  67 *****
loss:  5.114692846934001
***** epoch:  68 *****
loss:  5.130590279897054
***** epoch:  69 *****
loss:  5.096945921579997
***** epoch:  70 *****
loss:  5.141985734303792
5 0 0 0.7769 {'GBM': 0.7869, 'LGG': 0.7681}
5 0 0.5 0.7846 {'GBM': 0.8033, 'LGG': 0.7681}
15 0 0 0.7923 {'GBM': 0.7869, 'LGG': 0.7971}
20 0 0 0.8 {'GBM': 0.7705, 'LGG': 0.8261}
20 0 2 0.8077 {'GBM': 0.7869, 'LGG': 0.8261}
25 0 0.5 0.8154 {'GBM': 0.7869, 'LGG': 0.8406}

['GBM', 'LGG']
48 13 
11 58 
25 0 0.5 0.8359 {'GBM': 0.8174, 'LGG': 0.8523}
brain 0.8154 {'GBM': 0.7869, 'LGG': 0.8406}
5 0 0 1.0 {'BRCA': 1.0}

['BRCA']
70 
5 0 0 1.0 {'BRCA': 1.0}
breast 1.0 {'BRCA': 1.0}
5 0 0 1.0 {'COAD': 1.0}

['COAD']
59 
5 0 0 1.0 {'COAD': 1.0}
colon 1.0 {'COAD': 1.0}
5 0 0 0.8265 {'CHOL': 0.8367, 'LIHC': 0.8194}
15 0.5 0.5 0.8345 {'CHOL': 0.8163, 'LIHC': 0.8472}
15 0.5 1 0.8347 {'CHOL': 0.8367, 'LIHC': 0.8333}
30 2 1 0.8426 {'CHOL': 0.7959, 'LIHC': 0.875}

['CHOL', 'LIHC']
39 10 
9 63 
30 2 1 0.8275 {'CHOL': 0.8359, 'LIHC': 0.8216}
liver 0.8426 {'CHOL': 0.7959, 'LIHC': 0.875}
5 0 0 0.6225 {'LUAD': 0.6667, 'LUSC': 0.5714}
5 0 2 0.6305 {'LUAD': 0.697, 'LUSC': 0.5536}
10 0 0 0.6391 {'LUAD': 0.6667, 'LUSC': 0.6071}
15 0 0 0.6472 {'LUAD': 0.6818, 'LUSC': 0.6071}
15 0 1 0.6474 {'LUAD': 0.6667, 'LUSC': 0.625}
15 0.5 0 0.6555 {'LUAD': 0.6818, 'LUSC': 0.625}
15 1000 0 0.6717 {'LUAD': 0.7121, 'LUSC': 0.625}
25 0 1 0.672 {'LUAD': 0.6818, 'LUSC': 0.6607}
25 2 0.5 0.6803 {'LUAD': 0.6818, 'LUSC': 0.6786}
25 1000 0 0.6883 {'LUAD': 0.7121, 'LUSC': 0.6607}
30 1000 0 0.6885 {'LUAD': 0.697, 'LUSC': 0.6786}

['LUAD', 'LUSC']
46 20 
18 38 
30 1000 0 0.7831 {'LUAD': 0.7918, 'LUSC': 0.773}
lung 0.6885 {'LUAD': 0.697, 'LUSC': 0.6786}
***** epoch:  71 *****
loss:  5.128517786661784
***** epoch:  72 *****
loss:  5.152113119761149
***** epoch:  73 *****
loss:  5.155433336893718
***** epoch:  74 *****
loss:  5.147420724232991
***** epoch:  75 *****
loss:  5.182670593261719
***** epoch:  76 *****
loss:  5.142359733581543
***** epoch:  77 *****
loss:  5.155758539835612
***** epoch:  78 *****
loss:  5.174618721008301
***** epoch:  79 *****
loss:  5.1811215082804365
***** epoch:  80 *****
loss:  5.201968669891357
5 0 0 0.7769 {'GBM': 0.7869, 'LGG': 0.7681}
5 0 0.5 0.7846 {'GBM': 0.8033, 'LGG': 0.7681}
10 1000 0 0.7923 {'GBM': 0.8033, 'LGG': 0.7826}
15 0 0.5 0.8 {'GBM': 0.8033, 'LGG': 0.7971}
25 0 0 0.8154 {'GBM': 0.7869, 'LGG': 0.8406}

['GBM', 'LGG']
48 13 
11 58 
25 0 0 0.8384 {'GBM': 0.8246, 'LGG': 0.8506}
brain 0.8154 {'GBM': 0.7869, 'LGG': 0.8406}
5 0 0 1.0 {'BRCA': 1.0}

['BRCA']
70 
5 0 0 1.0 {'BRCA': 1.0}
breast 1.0 {'BRCA': 1.0}
5 0 0 1.0 {'COAD': 1.0}

['COAD']
59 
5 0 0 1.0 {'COAD': 1.0}
colon 1.0 {'COAD': 1.0}
5 0 0 0.8345 {'CHOL': 0.8163, 'LIHC': 0.8472}
5 0 0.5 0.8429 {'CHOL': 0.8367, 'LIHC': 0.8472}
5 0 1 0.8511 {'CHOL': 0.8367, 'LIHC': 0.8611}
5 0 2 0.8595 {'CHOL': 0.8571, 'LIHC': 0.8611}

['CHOL', 'LIHC']
42 7 
10 62 
5 0 2 0.8251 {'CHOL': 0.8137, 'LIHC': 0.833}
liver 0.8595 {'CHOL': 0.8571, 'LIHC': 0.8611}
5 0 0 0.6141 {'LUAD': 0.6818, 'LUSC': 0.5357}
5 0 0.5 0.6224 {'LUAD': 0.6818, 'LUSC': 0.5536}
5 2 0 0.6225 {'LUAD': 0.6667, 'LUSC': 0.5714}
10 0 0 0.6389 {'LUAD': 0.6818, 'LUSC': 0.5893}
15 0 0 0.6636 {'LUAD': 0.697, 'LUSC': 0.625}
15 0.5 0 0.6638 {'LUAD': 0.6818, 'LUSC': 0.6429}
20 0 1000 0.6639 {'LUAD': 0.6667, 'LUSC': 0.6607}
20 2 0.5 0.6719 {'LUAD': 0.697, 'LUSC': 0.6429}
25 0 0 0.672 {'LUAD': 0.6818, 'LUSC': 0.6607}
25 0.5 0 0.6803 {'LUAD': 0.6818, 'LUSC': 0.6786}
25 1000 0 0.6883 {'LUAD': 0.7121, 'LUSC': 0.6607}
30 1000 0 0.6966 {'LUAD': 0.7121, 'LUSC': 0.6786}

['LUAD', 'LUSC']
47 19 
18 38 
30 1000 0 0.7894 {'LUAD': 0.7954, 'LUSC': 0.7825}
lung 0.6966 {'LUAD': 0.7121, 'LUSC': 0.6786}
***** epoch:  81 *****
loss:  5.218546549479167
***** epoch:  82 *****
loss:  5.167189439137776
***** epoch:  83 *****
loss:  5.217812379201253
***** epoch:  84 *****
loss:  5.209597905476888
***** epoch:  85 *****
loss:  5.20427131652832
***** epoch:  86 *****
loss:  5.193689664204915
***** epoch:  87 *****
loss:  5.205084482828776
***** epoch:  88 *****
loss:  5.219468275705974
***** epoch:  89 *****
loss:  5.20673672358195
***** epoch:  90 *****
loss:  5.231042226155599
5 0 0 0.7692 {'GBM': 0.7705, 'LGG': 0.7681}
5 0 1000 0.7769 {'GBM': 0.7869, 'LGG': 0.7681}
5 0.5 0.5 0.7846 {'GBM': 0.8033, 'LGG': 0.7681}
15 0 0 0.7923 {'GBM': 0.7869, 'LGG': 0.7971}
15 1 0 0.8 {'GBM': 0.7869, 'LGG': 0.8116}
20 1 1 0.8077 {'GBM': 0.8033, 'LGG': 0.8116}

['GBM', 'LGG']
49 12 
13 56 
20 1 1 0.8356 {'GBM': 0.8218, 'LGG': 0.8478}
brain 0.8077 {'GBM': 0.8033, 'LGG': 0.8116}
5 0 0 1.0 {'BRCA': 1.0}

['BRCA']
70 
5 0 0 1.0 {'BRCA': 1.0}
breast 1.0 {'BRCA': 1.0}
5 0 0 1.0 {'COAD': 1.0}

['COAD']
59 
5 0 0 1.0 {'COAD': 1.0}
colon 1.0 {'COAD': 1.0}
5 0 0 0.8098 {'CHOL': 0.7959, 'LIHC': 0.8194}
5 0 0.5 0.818 {'CHOL': 0.7959, 'LIHC': 0.8333}
5 0 2 0.8181 {'CHOL': 0.8163, 'LIHC': 0.8194}
10 0 0.5 0.8262 {'CHOL': 0.7959, 'LIHC': 0.8472}
10 0.5 0 0.8344 {'CHOL': 0.7959, 'LIHC': 0.8611}
15 0 0.5 0.8427 {'CHOL': 0.8163, 'LIHC': 0.8611}
25 0 0 0.8509 {'CHOL': 0.8163, 'LIHC': 0.875}

['CHOL', 'LIHC']
40 9 
9 63 
25 0 0 0.8294 {'CHOL': 0.8325, 'LIHC': 0.8272}
liver 0.8509 {'CHOL': 0.8163, 'LIHC': 0.875}
5 0 0 0.6061 {'LUAD': 0.6515, 'LUSC': 0.5536}
5 0 1000 0.6144 {'LUAD': 0.6515, 'LUSC': 0.5714}
5 2 0 0.6146 {'LUAD': 0.6364, 'LUSC': 0.5893}
10 0 0 0.6553 {'LUAD': 0.697, 'LUSC': 0.6071}
15 0 0 0.6555 {'LUAD': 0.6818, 'LUSC': 0.625}
20 0 0 0.6557 {'LUAD': 0.6667, 'LUSC': 0.6429}
20 0 1000 0.672 {'LUAD': 0.6818, 'LUSC': 0.6607}
25 0 0 0.6802 {'LUAD': 0.697, 'LUSC': 0.6607}

['LUAD', 'LUSC']
46 20 
19 37 
25 0 0 0.7846 {'LUAD': 0.7855, 'LUSC': 0.7836}
lung 0.6802 {'LUAD': 0.697, 'LUSC': 0.6607}
***** epoch:  91 *****
loss:  5.19918696085612
***** epoch:  92 *****
loss:  5.203813393910726
***** epoch:  93 *****
loss:  5.2432295481363935
***** epoch:  94 *****
loss:  5.2286248207092285
***** epoch:  95 *****
loss:  5.212316036224365
***** epoch:  96 *****
loss:  5.210511843363444
***** epoch:  97 *****
loss:  5.235284487406413
***** epoch:  98 *****
loss:  5.215432802836101
***** epoch:  99 *****
loss:  5.24614953994751
5 0 0 0.7692 {'GBM': 0.7705, 'LGG': 0.7681}
10 0 0 0.7846 {'GBM': 0.7869, 'LGG': 0.7826}
20 0 0 0.8 {'GBM': 0.7705, 'LGG': 0.8261}
25 0 0 0.8077 {'GBM': 0.7869, 'LGG': 0.8261}

['GBM', 'LGG']
48 13 
12 57 
25 0 0 0.8382 {'GBM': 0.819, 'LGG': 0.8551}
brain 0.8077 {'GBM': 0.7869, 'LGG': 0.8261}
5 0 0 1.0 {'BRCA': 1.0}

['BRCA']
70 
5 0 0 1.0 {'BRCA': 1.0}
breast 1.0 {'BRCA': 1.0}
5 0 0 1.0 {'COAD': 1.0}

['COAD']
59 
5 0 0 1.0 {'COAD': 1.0}
colon 1.0 {'COAD': 1.0}
5 0 0 0.8345 {'CHOL': 0.8163, 'LIHC': 0.8472}
15 0 0.5 0.8513 {'CHOL': 0.8571, 'LIHC': 0.8472}

['CHOL', 'LIHC']
42 7 
11 61 
15 0 0.5 0.8304 {'CHOL': 0.8356, 'LIHC': 0.8268}
liver 0.8513 {'CHOL': 0.8571, 'LIHC': 0.8472}
5 0 0 0.6552 {'LUAD': 0.7121, 'LUSC': 0.5893}
5 1 0 0.6553 {'LUAD': 0.697, 'LUSC': 0.6071}
5 2 0 0.6634 {'LUAD': 0.7121, 'LUSC': 0.6071}
20 0 0 0.6638 {'LUAD': 0.6818, 'LUSC': 0.6429}
20 0 1000 0.6719 {'LUAD': 0.697, 'LUSC': 0.6429}
25 0 0 0.6802 {'LUAD': 0.697, 'LUSC': 0.6607}
25 1000 0 0.6964 {'LUAD': 0.7273, 'LUSC': 0.6607}

['LUAD', 'LUSC']
48 18 
19 37 
25 1000 0 0.7878 {'LUAD': 0.7944, 'LUSC': 0.7802}
lung 0.6964 {'LUAD': 0.7273, 'LUSC': 0.6607}
Job done successfully!
